⏰ Reminder scheduler started (runs every hour)
Server running on http://localhost:4000
Analytics request: { day: undefined, month: undefined, year: undefined }
Selected periods: {
  selectedDay: '2026-04-09',
  selectedMonth: '2026-04',
  selectedYear: '2026'
}
Daily revenue for 2026-04-09 : 1440
Analytics request: { day: undefined, month: undefined, year: undefined }
Selected periods: {
  selectedDay: '2026-04-09',
  selectedMonth: '2026-04',
  selectedYear: '2026'
}
Daily revenue for 2026-04-09 : 1440
Analytics request: { day: undefined, month: undefined, year: undefined }
Selected periods: {
  selectedDay: '2026-04-09',
  selectedMonth: '2026-04',
  selectedYear: '2026'
}
Daily revenue for 2026-04-09 : 1440
Analytics request: { day: undefined, month: undefined, year: undefined }
Selected periods: {
  selectedDay: '2026-04-09',
  selectedMonth: '2026-04',
  selectedYear: '2026'
}
Daily revenue for 2026-04-09 : 1440
Analytics request: { day: undefined, month: undefined, year: undefined }
Selected periods: {
  selectedDay: '2026-04-09',
  selectedMonth: '2026-04',
  selectedYear: '2026'
}
Daily revenue for 2026-04-09 : 1440
Analytics request: { day: undefined, month: undefined, year: undefined }
Selected periods: {
  selectedDay: '2026-04-09',
  selectedMonth: '2026-04',
  selectedYear: '2026'
}
Daily revenue for 2026-04-09 : 1440
✅ Email sent: <25d70389-6053-09d2-6dd8-d19351a2da51@gmail.com>
✅ Email sent: <caf28037-cbe7-22bd-be78-b7c7be0bcd0d@gmail.com>
Analytics request: { day: undefined, month: undefined, year: undefined }
Selected periods: {
  selectedDay: '2026-04-09',
  selectedMonth: '2026-04',
  selectedYear: '2026'
}
Daily revenue for 2026-04-09 : 1220
Analytics request: { day: undefined, month: undefined, year: undefined }
Selected periods: {
  selectedDay: '2026-04-09',
  selectedMonth: '2026-04',
  selectedYear: '2026'
}
Daily revenue for 2026-04-09 : 1220
Analytics request: { day: undefined, month: undefined, year: undefined }
Selected periods: {
  selectedDay: '2026-04-09',
  selectedMonth: '2026-04',
  selectedYear: '2026'
}
Daily revenue for 2026-04-09 : 1220
Analytics request: { day: undefined, month: undefined, year: undefined }
Selected periods: {
  selectedDay: '2026-04-09',
  selectedMonth: '2026-04',
  selectedYear: '2026'
}
Daily revenue for 2026-04-09 : 1220
✅ Email sent: <64d3644e-4173-4119-a47d-14191553a0a9@gmail.com>
✅ Email sent: <a79fb5ce-84d1-8b1b-a269-2100192e5217@gmail.com>
✅ Email sent: <cc086e4b-960f-7c7d-7af7-d9a5b8114781@gmail.com>
Analytics request: { day: undefined, month: undefined, year: undefined }
Selected periods: {
  selectedDay: '2026-04-09',
  selectedMonth: '2026-04',
  selectedYear: '2026'
}
Daily revenue for 2026-04-09 : 1420
Analytics request: { day: undefined, month: undefined, year: undefined }
Selected periods: {
  selectedDay: '2026-04-09',
  selectedMonth: '2026-04',
  selectedYear: '2026'
}
Daily revenue for 2026-04-09 : 1420
✅ Email sent: <0b4064ac-c4a0-de66-be23-0ec981530415@gmail.com>
Analytics request: { day: undefined, month: undefined, year: undefined }
Selected periods: {
  selectedDay: '2026-04-09',
  selectedMonth: '2026-04',
  selectedYear: '2026'
}
Daily revenue for 2026-04-09 : 1420
✅ Email sent: <035980c6-e52b-2b1b-21b5-6c00a1d660b5@gmail.com>
Analytics request: { day: undefined, month: undefined, year: undefined }
Selected periods: {
  selectedDay: '2026-04-09',
  selectedMonth: '2026-04',
  selectedYear: '2026'
}
Daily revenue for 2026-04-09 : 1420
✅ Email sent: <939c6df9-28cb-b019-2fd0-d2fbef985cc0@gmail.com>
✅ Email sent: <15d6aabb-07f8-fee6-adcf-d08434066380@gmail.com>
Analytics request: { day: undefined, month: undefined, year: undefined }
Selected periods: {
  selectedDay: '2026-04-09',
  selectedMonth: '2026-04',
  selectedYear: '2026'
}
Daily revenue for 2026-04-09 : 1540
Analytics request: { day: undefined, month: undefined, year: undefined }
Selected periods: {
  selectedDay: '2026-04-09',
  selectedMonth: '2026-04',
  selectedYear: '2026'
}
Daily revenue for 2026-04-09 : 1540
Analytics request: { day: undefined, month: undefined, year: undefined }
Selected periods: {
  selectedDay: '2026-04-09',
  selectedMonth: '2026-04',
  selectedYear: '2026'
}
Daily revenue for 2026-04-09 : 1540
